<?xml version="1.0" encoding="UTF-8"?>
<testsuite name="CalculadoraTest" tests="6" skipped="0" failures="0" errors="0" timestamp="2022-05-26T14:03:07" hostname="DESKTOP-Q392C4F" time="0.068">
  <properties/>
  <testcase name="subTest()" classname="CalculadoraTest" time="0.039"/>
  <testcase name="multiTest()" classname="CalculadoraTest" time="0.001"/>
  <testcase name="somaTeste()" classname="CalculadoraTest" time="0.001"/>
  <testcase name="potTest()" classname="CalculadoraTest" time="0.007"/>
  <testcase name="raizTest()" classname="CalculadoraTest" time="0.003"/>
  <testcase name="divTest()" classname="CalculadoraTest" time="0.001"/>
  <system-out><![CDATA[]]></system-out>
  <system-err><![CDATA[]]></system-err>
</testsuite>
